2026-03-12 19:51:25,059 - feature_engineering - DEBUG - Data loaded and NaNs filled from ./data/interim/train_processed.csv
2026-03-12 19:51:25,077 - feature_engineering - DEBUG - Data loaded and NaNs filled from ./data/interim/test_processed.csv
2026-03-12 19:51:25,110 - feature_engineering - DEBUG - tfidf applied and data transformed
2026-03-12 19:51:25,383 - feature_engineering - DEBUG - Data saved to ./data\processed\train_tfidf.csv
2026-03-12 19:51:25,449 - feature_engineering - DEBUG - Data saved to ./data\processed\test_tfidf.csv
2026-03-12 20:05:20,776 - feature_engineering - DEBUG - Data loaded and NaNs filled from ./data/interim/train_processed.csv
2026-03-12 20:05:20,781 - feature_engineering - DEBUG - Data loaded and NaNs filled from ./data/interim/test_processed.csv
2026-03-12 20:05:20,826 - feature_engineering - DEBUG - tfidf applied and data transformed
2026-03-12 20:05:21,072 - feature_engineering - DEBUG - Data saved to ./data\processed\train_tfidf.csv
2026-03-12 20:05:21,143 - feature_engineering - DEBUG - Data saved to ./data\processed\test_tfidf.csv
2026-03-13 08:38:27,043 - feature_engineering - DEBUG - Data loaded and NaNs filled from ./data/interim/train_processed.csv
2026-03-13 08:38:27,045 - feature_engineering - DEBUG - Data loaded and NaNs filled from ./data/interim/test_processed.csv
2026-03-13 08:38:27,078 - feature_engineering - DEBUG - tfidf applied and data transformed
2026-03-13 08:38:27,243 - feature_engineering - DEBUG - Data saved to ./data\processed\train_tfidf.csv
2026-03-13 08:38:27,310 - feature_engineering - DEBUG - Data saved to ./data\processed\test_tfidf.csv
2026-03-13 08:55:29,548 - feature_engineering - DEBUG - Data loaded and NaNs filled from ./data/interim/train_processed.csv
2026-03-13 08:55:29,550 - feature_engineering - DEBUG - Data loaded and NaNs filled from ./data/interim/test_processed.csv
2026-03-13 08:55:29,588 - feature_engineering - DEBUG - tfidf applied and data transformed
2026-03-13 08:55:29,729 - feature_engineering - DEBUG - Data saved to ./data\processed\train_tfidf.csv
2026-03-13 08:55:29,762 - feature_engineering - DEBUG - Data saved to ./data\processed\test_tfidf.csv
2026-03-13 08:57:20,172 - feature_engineering - DEBUG - Data loaded and NaNs filled from ./data/interim/train_processed.csv
2026-03-13 08:57:20,174 - feature_engineering - DEBUG - Data loaded and NaNs filled from ./data/interim/test_processed.csv
2026-03-13 08:57:20,212 - feature_engineering - DEBUG - tfidf applied and data transformed
2026-03-13 08:57:20,470 - feature_engineering - DEBUG - Data saved to ./data\processed\train_tfidf.csv
2026-03-13 08:57:20,580 - feature_engineering - DEBUG - Data saved to ./data\processed\test_tfidf.csv
2026-03-19 14:33:12,522 - feature_engineering - DEBUG - Data loaded and NaNs filled from ./data/interim/train_processed.csv
2026-03-19 14:33:12,541 - feature_engineering - DEBUG - Data loaded and NaNs filled from ./data/interim/test_processed.csv
2026-03-19 14:33:12,645 - feature_engineering - DEBUG - tfidf applied and data transformed
2026-03-19 14:33:12,781 - feature_engineering - DEBUG - Data saved to ./data\processed\train_tfidf.csv
2026-03-19 14:33:12,835 - feature_engineering - DEBUG - Data saved to ./data\processed\test_tfidf.csv
