2026-03-12 19:52:21,711 - model_building - DEBUG - Data loaded from ./data/processed/train_tfidf.csv with shape (4152, 51)
2026-03-12 19:52:21,713 - model_building - DEBUG - Initializing RandomForest model with parameters: {'n_estimators': 25, 'random_state': 2}
2026-03-12 19:52:21,714 - model_building - DEBUG - Model training started with 4152 samples
2026-03-12 19:52:21,796 - model_building - DEBUG - Model training completed
2026-03-12 19:52:21,802 - model_building - DEBUG - Model saved to models/model.pkl
2026-03-12 20:05:24,155 - model_building - DEBUG - Data loaded from ./data/processed/train_tfidf.csv with shape (4152, 51)
2026-03-12 20:05:24,157 - model_building - DEBUG - Initializing RandomForest model with parameters: {'n_estimators': 25, 'random_state': 2}
2026-03-12 20:05:24,157 - model_building - DEBUG - Model training started with 4152 samples
2026-03-12 20:05:24,234 - model_building - DEBUG - Model training completed
2026-03-12 20:05:24,242 - model_building - DEBUG - Model saved to models/model.pkl
2026-03-13 08:38:29,825 - model_building - DEBUG - Data loaded from ./data/processed/train_tfidf.csv with shape (4257, 31)
2026-03-13 08:38:29,827 - model_building - DEBUG - Initializing RandomForest model with parameters: {'n_estimators': 21, 'random_state': 2}
2026-03-13 08:38:29,827 - model_building - DEBUG - Model training started with 4257 samples
2026-03-13 08:38:29,879 - model_building - DEBUG - Model training completed
2026-03-13 08:38:29,885 - model_building - DEBUG - Model saved to models/model.pkl
2026-03-13 08:55:32,558 - model_building - DEBUG - Data loaded from ./data/processed/train_tfidf.csv with shape (4152, 21)
2026-03-13 08:55:32,559 - model_building - DEBUG - Initializing RandomForest model with parameters: {'n_estimators': 10, 'random_state': 2}
2026-03-13 08:55:32,559 - model_building - DEBUG - Model training started with 4152 samples
2026-03-13 08:55:32,582 - model_building - DEBUG - Model training completed
2026-03-13 08:55:32,587 - model_building - DEBUG - Model saved to models/model.pkl
